[19:01:18] [INIT] KubeJS 2001.6.5-build.14; MC 2001 forge
[19:01:18] [INIT] Loaded plugins:
[19:01:18] [INIT] - dev.latvian.mods.kubejs.forge.BuiltinKubeJSForgePlugin
[19:01:18] [INIT] - dev.latvian.mods.kubejs.forge.BuiltinKubeJSForgeClientPlugin
[19:01:18] [INIT] - com.lowdragmc.lowdraglib.kjs.LDLibKubeJSPlugin
[19:01:18] [INIT] - com.lowdragmc.mbd2.integration.kubejs.MBDKubeJSPlugin
[19:01:18] [INIT] - dev.latvian.mods.kubejs.create.KubeJSCreatePlugin
[19:01:18] [INIT] - com.almostreliable.morejs.Plugin
[19:01:18] [INIT] - pie.ilikepiefoo.AdditionsPlugin
[19:01:18] [INIT] - pie.ilikepiefoo.compat.jei.JEIKubeJSPlugin
[19:01:18] [INIT] - com.negodya1.kubejs.vintageimprovements.KubeJSVintagePlugin
[19:01:18] [INIT] - com.almostreliable.lootjs.kube.LootJSPlugin
[19:01:18] [INIT] - com.almostreliable.summoningrituals.compat.kubejs.AlmostKube
[19:01:18] [INIT] - snownee.lychee.compat.kubejs.LycheeKubeJSPlugin
[19:01:18] [INFO] Loaded script server_scripts:runefall_tweaks/crafting_recipes/create_revamp/add_create_recipes.js in 0.0 s
[19:01:18] [INFO] Loaded script server_scripts:runefall_tweaks/crafting_recipes/create_revamp/remove_create_recipes.js in 0.002 s
[19:01:18] [INFO] Loaded script server_scripts:runefall_tweaks/crafting_recipes/runefall_recipes/tiered_planks.js in 0.0 s
[19:01:18] [INFO] Loaded script server_scripts:runefall_tweaks/crafting_recipes/runefall_recipes/tiered_stones.js in 0.0 s
[19:01:18] [INFO] Loaded script server_scripts:runefall_tweaks/tags/apply_tiered_tags.js in 0.0 s
[19:01:18] [INFO] Loaded 5/5 KubeJS server scripts in 0.014 s with 0 errors and 0 warnings
[19:01:18] [INFO] Scripts loaded
[19:01:18] [INFO] runefall_tweaks/tags/apply_tiered_tags.js#18: Applied Tiered Tags
[19:01:18] [INFO] Initializing recipe event...
[19:01:18] [INFO] [minecraft:item] Found 2173 tags, added 106 objects, removed 0 objects
[19:01:18] [INFO] [minecraft:block] Found 1072 tags, added 70 objects, removed 0 objects
[19:01:18] [INFO] Processing recipes...
[19:01:18] [WARN] Failed to parse recipe 'medieval_deco:guibottom[minecraft:crafting_shaped]'! Falling back to vanilla: ItemStack 'result' can't be empty!
[19:01:18] [WARN] Failed to parse recipe 'cratedelight:minecraft/crafting/cod_crate[minecraft:crafting_shaped]'! Falling back to vanilla: ItemStack 'result' can't be empty!
[19:01:18] [WARN] Failed to parse recipe 'medieval_deco:guimiddle[minecraft:crafting_shaped]'! Falling back to vanilla: ItemStack 'result' can't be empty!
[19:01:18] [WARN] Failed to parse recipe 'medieval_deco:guitop[minecraft:crafting_shaped]'! Falling back to vanilla: ItemStack 'result' can't be empty!
[19:01:18] [WARN] Failed to parse recipe 'cratedelight:minecraft/crafting/egg_crate[minecraft:crafting_shaped]'! Falling back to vanilla: ItemStack 'result' can't be empty!
[19:01:18] [WARN] Failed to parse recipe 'cratedelight:minecraft/crafting/salmon_crate[minecraft:crafting_shaped]'! Falling back to vanilla: ItemStack 'result' can't be empty!
[19:01:18] [WARN] Failed to parse recipe 'cratedelight:minecraft/crafting/glowberry_crate[minecraft:crafting_shaped]'! Falling back to vanilla: ItemStack 'result' can't be empty!
[19:01:18] [WARN] Failed to parse recipe 'cratedelight:minecraft/crafting/berry_crate[minecraft:crafting_shaped]'! Falling back to vanilla: ItemStack 'result' can't be empty!
[19:01:18] [WARN] Failed to parse recipe 'cratedelight:minecraft/crafting/apple_crate[minecraft:crafting_shaped]'! Falling back to vanilla: ItemStack 'result' can't be empty!
[19:01:18] [INFO] Found 5513 recipes in 63.54 ms
[19:01:18] [INFO] runefall_tweaks/crafting_recipes/create_revamp/add_create_recipes.js#3: Added new Create recipes.
[19:01:19] [INFO] runefall_tweaks/crafting_recipes/create_revamp/remove_create_recipes.js#139: Removed default Create recipes.
[19:01:19] [INFO] runefall_tweaks/crafting_recipes/runefall_recipes/tiered_planks.js#18: Registered Tiered Planks Recipes
[19:01:19] [INFO] runefall_tweaks/crafting_recipes/runefall_recipes/tiered_stones.js#4: Registered Tiered Stones Recipes
[19:01:19] [INFO] Posted recipe events in 198.4 ms
[19:01:19] [WARN] Error parsing recipe bakery:create/mixing/dough[create:mixing]: {"type":"create:mixing","results":[{"item":"bakery:dough"}],"ingredients":[{"tag":"bakery:wheat"},{"item":"bakery:yeast"},{"tag":"c:water_buckets"},{"tag":"c:sugar"}],"conditions":[{"type":"forge:mod_loaded","modid":"bakery"},{"type":"forge:mod_loaded","modid":"create"}]}: Unknown item 'bakery:yeast'
[19:01:19] [WARN] Error parsing recipe bakery:create/mixing/dough_liquids[create:mixing]: {"type":"create:mixing","results":[{"item":"bakery:dough"}],"ingredients":[{"tag":"bakery:wheat"},{"item":"bakery:yeast"},{"amount":250,"fluidTag":"forge:water"},{"tag":"forge:sugar"}],"conditions":[{"type":"forge:mod_loaded","modid":"bakery"},{"type":"forge:mod_loaded","modid":"create"}]}: Unknown item 'bakery:yeast'
[19:01:19] [INFO] Added 1 recipes, removed 147 recipes, modified 0 recipes, with 2 failed recipes in 12.71 ms
[19:01:19] [INFO] Server resource reload complete!
